<?xml version="1.0" encoding="UTF-8"?>
<testng-results skipped="0" failed="0" total="2" passed="2">
  <reporter-output>
  </reporter-output>
  <suite name="Default suite" duration-ms="35" started-at="2016-10-21T11:02:43Z" finished-at="2016-10-21T11:02:43Z">
    <groups>
    </groups>
    <test name="Default test" duration-ms="35" started-at="2016-10-21T11:02:43Z" finished-at="2016-10-21T11:02:43Z">
      <class name="Problema.Problema.FloatValueTest">
        <test-method status="PASS" signature="floatObjectToFloat()[pri:0, instance:Problema.Problema.FloatValueTest@e6e9c3]" name="floatObjectToFloat" duration-ms="17" started-at="2016-10-21T13:02:43Z" finished-at="2016-10-21T13:02:43Z">
          <reporter-output>
          </reporter-output>
        </test-method> <!-- floatObjectToFloat -->
        <test-method status="PASS" signature="floatObjectToFloatcoma()[pri:0, instance:Problema.Problema.FloatValueTest@e6e9c3]" name="floatObjectToFloatcoma" duration-ms="1" started-at="2016-10-21T13:02:43Z" finished-at="2016-10-21T13:02:43Z">
          <reporter-output>
          </reporter-output>
        </test-method> <!-- floatObjectToFloatcoma -->
      </class> <!-- Problema.Problema.FloatValueTest -->
    </test> <!-- Default test -->
  </suite> <!-- Default suite -->
</testng-results>
