<?xml version="1.0" encoding="UTF-8"?>
<testng-results skipped="0" failed="0" total="1" passed="1">
  <reporter-output>
  </reporter-output>
  <suite name="Default suite" duration-ms="32" started-at="2016-10-21T10:45:42Z" finished-at="2016-10-21T10:45:42Z">
    <groups>
    </groups>
    <test name="Default test" duration-ms="32" started-at="2016-10-21T10:45:42Z" finished-at="2016-10-21T10:45:42Z">
      <class name="Problema.Problema.ToHexStringTest">
        <test-method status="PASS" signature="hexadecimalInt()[pri:0, instance:Problema.Problema.ToHexStringTest@e6e9c3]" name="hexadecimalInt" duration-ms="17" started-at="2016-10-21T12:45:42Z" finished-at="2016-10-21T12:45:42Z">
          <reporter-output>
          </reporter-output>
        </test-method> <!-- hexadecimalInt -->
      </class> <!-- Problema.Problema.ToHexStringTest -->
    </test> <!-- Default test -->
  </suite> <!-- Default suite -->
</testng-results>
